<?xml version="1.0" encoding="UTF-8"?>
<coverage generated="1633476263706" clover="3.2.0">
  <project timestamp="1633476263706" name="All files">
    <metrics statements="130" coveredstatements="113" conditionals="31" coveredconditionals="19" methods="48" coveredmethods="37" elements="209" coveredelements="169" complexity="0" loc="130" ncloc="130" packages="9" files="18" classes="18"/>
    <package name="api">
      <metrics statements="14" coveredstatements="14" conditionals="3" coveredconditionals="3" methods="4" coveredmethods="4"/>
      <file name="register.ts" path="/Users/darius/BtcIra/RegisterMe/src/api/register.ts">
        <metrics statements="14" coveredstatements="14" conditionals="3" coveredconditionals="3" methods="4" coveredmethods="4"/>
        <line num="1" count="3" type="stmt"/>
        <line num="4" count="3" type="stmt"/>
        <line num="6" count="3" type="stmt"/>
        <line num="7" count="1" type="stmt"/>
        <line num="8" count="1" type="stmt"/>
        <line num="11" count="3" type="stmt"/>
        <line num="12" count="2" type="stmt"/>
        <line num="13" count="1" type="stmt"/>
        <line num="16" count="3" type="stmt"/>
        <line num="17" count="2" type="stmt"/>
        <line num="18" count="1" type="stmt"/>
        <line num="19" count="1" type="stmt"/>
        <line num="20" count="1" type="cond" truecount="3" falsecount="0"/>
        <line num="22" count="1" type="stmt"/>
      </file>
    </package>
    <package name="components">
      <metrics statements="22" coveredstatements="21" conditionals="8" coveredconditionals="7" methods="7" coveredmethods="6"/>
      <file name="Button.tsx" path="/Users/darius/BtcIra/RegisterMe/src/components/Button.tsx">
        <metrics statements="3" coveredstatements="3" conditionals="0" coveredconditionals="0" methods="1" coveredmethods="1"/>
        <line num="11" count="5" type="stmt"/>
        <line num="12" count="15" type="stmt"/>
        <line num="24" count="5" type="stmt"/>
      </file>
      <file name="ErrorText.tsx" path="/Users/darius/BtcIra/RegisterMe/src/components/ErrorText.tsx">
        <metrics statements="3" coveredstatements="3" conditionals="0" coveredconditionals="0" methods="1" coveredmethods="1"/>
        <line num="10" count="5" type="stmt"/>
        <line num="11" count="1" type="stmt"/>
        <line num="20" count="5" type="stmt"/>
      </file>
      <file name="Input.tsx" path="/Users/darius/BtcIra/RegisterMe/src/components/Input.tsx">
        <metrics statements="7" coveredstatements="7" conditionals="4" coveredconditionals="4" methods="2" coveredmethods="2"/>
        <line num="22" count="5" type="stmt"/>
        <line num="23" count="33" type="stmt"/>
        <line num="25" count="33" type="stmt"/>
        <line num="26" count="7" type="cond" truecount="2" falsecount="0"/>
        <line num="27" count="7" type="stmt"/>
        <line num="30" count="33" type="stmt"/>
        <line num="49" count="5" type="stmt"/>
      </file>
      <file name="Link.tsx" path="/Users/darius/BtcIra/RegisterMe/src/components/Link.tsx">
        <metrics statements="3" coveredstatements="3" conditionals="0" coveredconditionals="0" methods="1" coveredmethods="1"/>
        <line num="10" count="5" type="stmt"/>
        <line num="11" count="5" type="stmt"/>
        <line num="20" count="5" type="stmt"/>
      </file>
      <file name="ProgressBar.tsx" path="/Users/darius/BtcIra/RegisterMe/src/components/ProgressBar.tsx">
        <metrics statements="6" coveredstatements="5" conditionals="4" coveredconditionals="3" methods="2" coveredmethods="1"/>
        <line num="10" count="5" type="stmt"/>
        <line num="11" count="1" type="stmt"/>
        <line num="12" count="1" type="stmt"/>
        <line num="13" count="0" type="stmt"/>
        <line num="16" count="1" type="stmt"/>
        <line num="29" count="5" type="stmt"/>
      </file>
      <file name="index.ts" path="/Users/darius/BtcIra/RegisterMe/src/components/index.ts">
        <metrics statements="0" coveredstatements="0" conditionals="0" coveredconditionals="0" methods="0" coveredmethods="0"/>
      </file>
    </package>
    <package name="redux">
      <metrics statements="1" coveredstatements="1" conditionals="0" coveredconditionals="0" methods="0" coveredmethods="0"/>
      <file name="store.ts" path="/Users/darius/BtcIra/RegisterMe/src/redux/store.ts">
        <metrics statements="1" coveredstatements="1" conditionals="0" coveredconditionals="0" methods="0" coveredmethods="0"/>
        <line num="4" count="4" type="stmt"/>
      </file>
    </package>
    <package name="redux.slices">
      <metrics statements="13" coveredstatements="9" conditionals="0" coveredconditionals="0" methods="10" coveredmethods="6"/>
      <file name="registerSlice.ts" path="/Users/darius/BtcIra/RegisterMe/src/redux/slices/registerSlice.ts">
        <metrics statements="13" coveredstatements="9" conditionals="0" coveredconditionals="0" methods="10" coveredmethods="6"/>
        <line num="17" count="4" type="stmt"/>
        <line num="30" count="4" type="stmt"/>
        <line num="35" count="2" type="stmt"/>
        <line num="38" count="1" type="stmt"/>
        <line num="41" count="0" type="stmt"/>
        <line num="44" count="0" type="stmt"/>
        <line num="47" count="0" type="stmt"/>
        <line num="50" count="1" type="stmt"/>
        <line num="53" count="1" type="stmt"/>
        <line num="56" count="1" type="stmt"/>
        <line num="59" count="1" type="stmt"/>
        <line num="62" count="0" type="stmt"/>
        <line num="78" count="4" type="stmt"/>
      </file>
    </package>
    <package name="screens.BasicInfoScreen">
      <metrics statements="23" coveredstatements="15" conditionals="4" coveredconditionals="1" methods="8" coveredmethods="3"/>
      <file name="BasicInfoScreen.tsx" path="/Users/darius/BtcIra/RegisterMe/src/screens/BasicInfoScreen/BasicInfoScreen.tsx">
        <metrics statements="22" coveredstatements="14" conditionals="4" coveredconditionals="1" methods="8" coveredmethods="3"/>
        <line num="18" count="1" type="stmt"/>
        <line num="19" count="2" type="stmt"/>
        <line num="20" count="3" type="stmt"/>
        <line num="22" count="2" type="stmt"/>
        <line num="23" count="2" type="stmt"/>
        <line num="25" count="2" type="stmt"/>
        <line num="26" count="1" type="stmt"/>
        <line num="29" count="2" type="stmt"/>
        <line num="30" count="0" type="stmt"/>
        <line num="33" count="2" type="stmt"/>
        <line num="34" count="0" type="stmt"/>
        <line num="37" count="2" type="stmt"/>
        <line num="38" count="0" type="stmt"/>
        <line num="41" count="2" type="stmt"/>
        <line num="48" count="2" type="stmt"/>
        <line num="54" count="0" type="stmt"/>
        <line num="62" count="2" type="stmt"/>
        <line num="63" count="0" type="cond" truecount="0" falsecount="2"/>
        <line num="64" count="0" type="stmt"/>
        <line num="65" count="0" type="stmt"/>
        <line num="67" count="0" type="stmt"/>
        <line num="71" count="2" type="stmt"/>
      </file>
      <file name="styles.ts" path="/Users/darius/BtcIra/RegisterMe/src/screens/BasicInfoScreen/styles.ts">
        <metrics statements="1" coveredstatements="1" conditionals="0" coveredconditionals="0" methods="0" coveredmethods="0"/>
        <line num="3" count="1" type="stmt"/>
      </file>
    </package>
    <package name="screens.LocationScreen">
      <metrics statements="18" coveredstatements="17" conditionals="4" coveredconditionals="2" methods="6" coveredmethods="6"/>
      <file name="LocationScreen.tsx" path="/Users/darius/BtcIra/RegisterMe/src/screens/LocationScreen/LocationScreen.tsx">
        <metrics statements="17" coveredstatements="16" conditionals="4" coveredconditionals="2" methods="6" coveredmethods="6"/>
        <line num="13" count="1" type="stmt"/>
        <line num="14" count="6" type="stmt"/>
        <line num="15" count="4" type="stmt"/>
        <line num="16" count="4" type="stmt"/>
        <line num="18" count="4" type="stmt"/>
        <line num="19" count="1" type="stmt"/>
        <line num="22" count="4" type="stmt"/>
        <line num="23" count="1" type="stmt"/>
        <line num="26" count="4" type="stmt"/>
        <line num="31" count="4" type="stmt"/>
        <line num="32" count="1" type="stmt"/>
        <line num="38" count="4" type="stmt"/>
        <line num="39" count="1" type="cond" truecount="1" falsecount="1"/>
        <line num="40" count="1" type="stmt"/>
        <line num="41" count="1" type="stmt"/>
        <line num="43" count="0" type="stmt"/>
        <line num="47" count="4" type="stmt"/>
      </file>
      <file name="styles.ts" path="/Users/darius/BtcIra/RegisterMe/src/screens/LocationScreen/styles.ts">
        <metrics statements="1" coveredstatements="1" conditionals="0" coveredconditionals="0" methods="0" coveredmethods="0"/>
        <line num="3" count="1" type="stmt"/>
      </file>
    </package>
    <package name="screens.SignInScreen">
      <metrics statements="20" coveredstatements="18" conditionals="6" coveredconditionals="3" methods="7" coveredmethods="6"/>
      <file name="SignInScreen.tsx" path="/Users/darius/BtcIra/RegisterMe/src/screens/SignInScreen/SignInScreen.tsx">
        <metrics statements="19" coveredstatements="17" conditionals="6" coveredconditionals="3" methods="7" coveredmethods="6"/>
        <line num="17" count="1" type="stmt"/>
        <line num="18" count="6" type="stmt"/>
        <line num="19" count="4" type="stmt"/>
        <line num="20" count="4" type="stmt"/>
        <line num="22" count="4" type="stmt"/>
        <line num="23" count="1" type="stmt"/>
        <line num="26" count="4" type="stmt"/>
        <line num="27" count="1" type="stmt"/>
        <line num="30" count="4" type="stmt"/>
        <line num="35" count="4" type="stmt"/>
        <line num="36" count="1" type="stmt"/>
        <line num="42" count="4" type="stmt"/>
        <line num="43" count="1" type="cond" truecount="1" falsecount="1"/>
        <line num="44" count="1" type="stmt"/>
        <line num="45" count="1" type="cond" truecount="1" falsecount="1"/>
        <line num="48" count="0" type="stmt"/>
        <line num="52" count="4" type="stmt"/>
        <line num="53" count="0" type="stmt"/>
        <line num="56" count="4" type="stmt"/>
      </file>
      <file name="styles.ts" path="/Users/darius/BtcIra/RegisterMe/src/screens/SignInScreen/styles.ts">
        <metrics statements="1" coveredstatements="1" conditionals="0" coveredconditionals="0" methods="0" coveredmethods="0"/>
        <line num="3" count="1" type="stmt"/>
      </file>
    </package>
    <package name="screens.SubmitScreen">
      <metrics statements="18" coveredstatements="17" conditionals="6" coveredconditionals="3" methods="6" coveredmethods="6"/>
      <file name="SubmitScreen.tsx" path="/Users/darius/BtcIra/RegisterMe/src/screens/SubmitScreen/SubmitScreen.tsx">
        <metrics statements="17" coveredstatements="16" conditionals="6" coveredconditionals="3" methods="6" coveredmethods="6"/>
        <line num="14" count="1" type="stmt"/>
        <line num="24" count="6" type="stmt"/>
        <line num="25" count="4" type="stmt"/>
        <line num="26" count="4" type="stmt"/>
        <line num="28" count="4" type="stmt"/>
        <line num="29" count="1" type="stmt"/>
        <line num="32" count="4" type="stmt"/>
        <line num="33" count="1" type="stmt"/>
        <line num="36" count="4" type="stmt"/>
        <line num="41" count="4" type="stmt"/>
        <line num="42" count="1" type="stmt"/>
        <line num="48" count="4" type="stmt"/>
        <line num="49" count="1" type="cond" truecount="1" falsecount="1"/>
        <line num="50" count="1" type="stmt"/>
        <line num="51" count="1" type="cond" truecount="1" falsecount="1"/>
        <line num="62" count="0" type="stmt"/>
        <line num="66" count="4" type="stmt"/>
      </file>
      <file name="styles.ts" path="/Users/darius/BtcIra/RegisterMe/src/screens/SubmitScreen/styles.ts">
        <metrics statements="1" coveredstatements="1" conditionals="0" coveredconditionals="0" methods="0" coveredmethods="0"/>
        <line num="3" count="1" type="stmt"/>
      </file>
    </package>
    <package name="theme">
      <metrics statements="1" coveredstatements="1" conditionals="0" coveredconditionals="0" methods="0" coveredmethods="0"/>
      <file name="colors.ts" path="/Users/darius/BtcIra/RegisterMe/src/theme/colors.ts">
        <metrics statements="1" coveredstatements="1" conditionals="0" coveredconditionals="0" methods="0" coveredmethods="0"/>
        <line num="1" count="9" type="stmt"/>
      </file>
    </package>
  </project>
</coverage>
