{"/Users/darius/BtcIra/RegisterMe/src/api/register.ts": {"path":"/Users/darius/BtcIra/RegisterMe/src/api/register.ts","statementMap":{"0":{"start":{"line":1,"column":14},"end":{"line":1,"column":30}},"1":{"start":{"line":4,"column":12},"end":{"line":4,"column":41}},"2":{"start":{"line":6,"column":24},"end":{"line":9,"column":1}},"3":{"start":{"line":7,"column":19},"end":{"line":7,"column":39}},"4":{"start":{"line":8,"column":2},"end":{"line":8,"column":23}},"5":{"start":{"line":11,"column":23},"end":{"line":14,"column":1}},"6":{"start":{"line":12,"column":19},"end":{"line":12,"column":46}},"7":{"start":{"line":13,"column":2},"end":{"line":13,"column":23}},"8":{"start":{"line":16,"column":22},"end":{"line":23,"column":1}},"9":{"start":{"line":17,"column":19},"end":{"line":17,"column":39}},"10":{"start":{"line":18,"column":22},"end":{"line":18,"column":27}},"11":{"start":{"line":19,"column":2},"end":{"line":21,"column":5}},"12":{"start":{"line":20,"column":4},"end":{"line":20,"column":79}},"13":{"start":{"line":22,"column":2},"end":{"line":22,"column":23}}},"fnMap":{"0":{"name":"(anonymous_0)","decl":{"start":{"line":6,"column":24},"end":{"line":6,"column":25}},"loc":{"start":{"line":6,"column":36},"end":{"line":9,"column":1}},"line":6},"1":{"name":"(anonymous_1)","decl":{"start":{"line":11,"column":23},"end":{"line":11,"column":24}},"loc":{"start":{"line":11,"column":45},"end":{"line":14,"column":1}},"line":11},"2":{"name":"(anonymous_2)","decl":{"start":{"line":16,"column":22},"end":{"line":16,"column":23}},"loc":{"start":{"line":16,"column":65},"end":{"line":23,"column":1}},"line":16},"3":{"name":"(anonymous_3)","decl":{"start":{"line":19,"column":20},"end":{"line":19,"column":21}},"loc":{"start":{"line":19,"column":36},"end":{"line":21,"column":3}},"line":19}},"branchMap":{"0":{"loc":{"start":{"line":20,"column":4},"end":{"line":20,"column":78}},"type":"binary-expr","locations":[{"start":{"line":20,"column":4},"end":{"line":20,"column":23}},{"start":{"line":20,"column":27},"end":{"line":20,"column":52}},{"start":{"line":20,"column":57},"end":{"line":20,"column":77}}],"line":20}},"s":{"0":3,"1":3,"2":3,"3":1,"4":1,"5":3,"6":2,"7":1,"8":3,"9":2,"10":1,"11":1,"12":1,"13":1},"f":{"0":1,"1":2,"2":2,"3":1},"b":{"0":[1,1,1]},"_coverageSchema":"1a1c01bbd47fc00a2c39e90264f33305004495a9","hash":"46e2351ba18a726b6aebfbacf265f6e4581a5f2a"}
,"/Users/darius/BtcIra/RegisterMe/src/components/Button.tsx": {"path":"/Users/darius/BtcIra/RegisterMe/src/components/Button.tsx","statementMap":{"0":{"start":{"line":11,"column":15},"end":{"line":20,"column":1}},"1":{"start":{"line":12,"column":2},"end":{"line":19,"column":4}},"2":{"start":{"line":24,"column":15},"end":{"line":38,"column":2}}},"fnMap":{"0":{"name":"(anonymous_0)","decl":{"start":{"line":11,"column":15},"end":{"line":11,"column":16}},"loc":{"start":{"line":11,"column":33},"end":{"line":20,"column":1}},"line":11}},"branchMap":{},"s":{"0":5,"1":15,"2":5},"f":{"0":15},"b":{},"_coverageSchema":"1a1c01bbd47fc00a2c39e90264f33305004495a9","hash":"0c4077305eb5dea0d93cab004bfefc348ed36619"}
,"/Users/darius/BtcIra/RegisterMe/src/components/ErrorText.tsx": {"path":"/Users/darius/BtcIra/RegisterMe/src/components/ErrorText.tsx","statementMap":{"0":{"start":{"line":10,"column":18},"end":{"line":16,"column":1}},"1":{"start":{"line":11,"column":2},"end":{"line":15,"column":4}},"2":{"start":{"line":20,"column":15},"end":{"line":27,"column":2}}},"fnMap":{"0":{"name":"(anonymous_0)","decl":{"start":{"line":10,"column":18},"end":{"line":10,"column":19}},"loc":{"start":{"line":10,"column":36},"end":{"line":16,"column":1}},"line":10}},"branchMap":{},"s":{"0":5,"1":1,"2":5},"f":{"0":1},"b":{},"_coverageSchema":"1a1c01bbd47fc00a2c39e90264f33305004495a9","hash":"1debe8ab4cdb6710df637e77433f166876b6834c"}
,"/Users/darius/BtcIra/RegisterMe/src/components/Input.tsx": {"path":"/Users/darius/BtcIra/RegisterMe/src/components/Input.tsx","statementMap":{"0":{"start":{"line":22,"column":14},"end":{"line":45,"column":1}},"1":{"start":{"line":23,"column":26},"end":{"line":23,"column":47}},"2":{"start":{"line":25,"column":23},"end":{"line":28,"column":3}},"3":{"start":{"line":26,"column":4},"end":{"line":26,"column":42}},"4":{"start":{"line":27,"column":4},"end":{"line":27,"column":17}},"5":{"start":{"line":30,"column":2},"end":{"line":44,"column":4}},"6":{"start":{"line":49,"column":15},"end":{"line":66,"column":2}}},"fnMap":{"0":{"name":"(anonymous_0)","decl":{"start":{"line":22,"column":14},"end":{"line":22,"column":15}},"loc":{"start":{"line":22,"column":32},"end":{"line":45,"column":1}},"line":22},"1":{"name":"(anonymous_1)","decl":{"start":{"line":25,"column":23},"end":{"line":25,"column":24}},"loc":{"start":{"line":25,"column":40},"end":{"line":28,"column":3}},"line":25}},"branchMap":{"0":{"loc":{"start":{"line":26,"column":4},"end":{"line":26,"column":41}},"type":"binary-expr","locations":[{"start":{"line":26,"column":4},"end":{"line":26,"column":18}},{"start":{"line":26,"column":22},"end":{"line":26,"column":41}}],"line":26},"1":{"loc":{"start":{"line":42,"column":7},"end":{"line":42,"column":73}},"type":"cond-expr","locations":[{"start":{"line":42,"column":20},"end":{"line":42,"column":66}},{"start":{"line":42,"column":69},"end":{"line":42,"column":73}}],"line":42}},"s":{"0":5,"1":33,"2":33,"3":7,"4":7,"5":33,"6":5},"f":{"0":33,"1":7},"b":{"0":[7,7],"1":[8,25]},"_coverageSchema":"1a1c01bbd47fc00a2c39e90264f33305004495a9","hash":"1d4f6861b006fdc90c00a417ae76d5ae946ea50f"}
,"/Users/darius/BtcIra/RegisterMe/src/components/Link.tsx": {"path":"/Users/darius/BtcIra/RegisterMe/src/components/Link.tsx","statementMap":{"0":{"start":{"line":10,"column":13},"end":{"line":16,"column":1}},"1":{"start":{"line":11,"column":2},"end":{"line":15,"column":4}},"2":{"start":{"line":20,"column":15},"end":{"line":26,"column":2}}},"fnMap":{"0":{"name":"(anonymous_0)","decl":{"start":{"line":10,"column":13},"end":{"line":10,"column":14}},"loc":{"start":{"line":10,"column":31},"end":{"line":16,"column":1}},"line":10}},"branchMap":{},"s":{"0":5,"1":5,"2":5},"f":{"0":5},"b":{},"_coverageSchema":"1a1c01bbd47fc00a2c39e90264f33305004495a9","hash":"2f9e7351a949248a654e4073e59bcede5f02c57a"}
,"/Users/darius/BtcIra/RegisterMe/src/components/ProgressBar.tsx": {"path":"/Users/darius/BtcIra/RegisterMe/src/components/ProgressBar.tsx","statementMap":{"0":{"start":{"line":10,"column":20},"end":{"line":25,"column":1}},"1":{"start":{"line":11,"column":34},"end":{"line":11,"column":58}},"2":{"start":{"line":12,"column":2},"end":{"line":14,"column":5}},"3":{"start":{"line":13,"column":4},"end":{"line":13,"column":32}},"4":{"start":{"line":16,"column":2},"end":{"line":24,"column":4}},"5":{"start":{"line":29,"column":15},"end":{"line":33,"column":2}}},"fnMap":{"0":{"name":"(anonymous_0)","decl":{"start":{"line":10,"column":20},"end":{"line":10,"column":21}},"loc":{"start":{"line":10,"column":38},"end":{"line":25,"column":1}},"line":10},"1":{"name":"(anonymous_1)","decl":{"start":{"line":12,"column":12},"end":{"line":12,"column":13}},"loc":{"start":{"line":12,"column":18},"end":{"line":14,"column":3}},"line":12}},"branchMap":{"0":{"loc":{"start":{"line":18,"column":13},"end":{"line":18,"column":66}},"type":"cond-expr","locations":[{"start":{"line":18,"column":40},"end":{"line":18,"column":51}},{"start":{"line":18,"column":54},"end":{"line":18,"column":66}}],"line":18},"1":{"loc":{"start":{"line":18,"column":13},"end":{"line":18,"column":37}},"type":"binary-expr","locations":[{"start":{"line":18,"column":13},"end":{"line":18,"column":21}},{"start":{"line":18,"column":25},"end":{"line":18,"column":37}}],"line":18}},"s":{"0":5,"1":1,"2":1,"3":0,"4":1,"5":5},"f":{"0":1,"1":0},"b":{"0":[0,1],"1":[1,1]},"_coverageSchema":"1a1c01bbd47fc00a2c39e90264f33305004495a9","hash":"ca75d34d814e7c05d10d6ea74648c9c2e45a64f7"}
,"/Users/darius/BtcIra/RegisterMe/src/components/index.ts": {"path":"/Users/darius/BtcIra/RegisterMe/src/components/index.ts","statementMap":{},"fnMap":{},"branchMap":{},"s":{},"f":{},"b":{},"_coverageSchema":"1a1c01bbd47fc00a2c39e90264f33305004495a9","hash":"93a55b19b0d49d2b58e908d638a798b572fe6e3c"}
,"/Users/darius/BtcIra/RegisterMe/src/redux/store.ts": {"path":"/Users/darius/BtcIra/RegisterMe/src/redux/store.ts","statementMap":{"0":{"start":{"line":4,"column":21},"end":{"line":8,"column":2}}},"fnMap":{},"branchMap":{},"s":{"0":4},"f":{},"b":{},"_coverageSchema":"1a1c01bbd47fc00a2c39e90264f33305004495a9","hash":"d0258517f1fac83edd83e222670421196344f0ba"}
,"/Users/darius/BtcIra/RegisterMe/src/redux/slices/registerSlice.ts": {"path":"/Users/darius/BtcIra/RegisterMe/src/redux/slices/registerSlice.ts","statementMap":{"0":{"start":{"line":17,"column":36},"end":{"line":28,"column":1}},"1":{"start":{"line":30,"column":29},"end":{"line":65,"column":2}},"2":{"start":{"line":35,"column":6},"end":{"line":35,"column":35}},"3":{"start":{"line":38,"column":6},"end":{"line":38,"column":38}},"4":{"start":{"line":41,"column":6},"end":{"line":41,"column":41}},"5":{"start":{"line":44,"column":6},"end":{"line":44,"column":39}},"6":{"start":{"line":47,"column":6},"end":{"line":47,"column":38}},"7":{"start":{"line":50,"column":6},"end":{"line":50,"column":34}},"8":{"start":{"line":53,"column":6},"end":{"line":53,"column":37}},"9":{"start":{"line":56,"column":6},"end":{"line":56,"column":41}},"10":{"start":{"line":59,"column":6},"end":{"line":59,"column":36}},"11":{"start":{"line":62,"column":6},"end":{"line":62,"column":38}},"12":{"start":{"line":78,"column":4},"end":{"line":78,"column":25}}},"fnMap":{"0":{"name":"(anonymous_0)","decl":{"start":{"line":34,"column":19},"end":{"line":34,"column":20}},"loc":{"start":{"line":34,"column":61},"end":{"line":36,"column":5}},"line":34},"1":{"name":"(anonymous_1)","decl":{"start":{"line":37,"column":22},"end":{"line":37,"column":23}},"loc":{"start":{"line":37,"column":64},"end":{"line":39,"column":5}},"line":37},"2":{"name":"(anonymous_2)","decl":{"start":{"line":40,"column":25},"end":{"line":40,"column":26}},"loc":{"start":{"line":40,"column":67},"end":{"line":42,"column":5}},"line":40},"3":{"name":"(anonymous_3)","decl":{"start":{"line":43,"column":23},"end":{"line":43,"column":24}},"loc":{"start":{"line":43,"column":65},"end":{"line":45,"column":5}},"line":43},"4":{"name":"(anonymous_4)","decl":{"start":{"line":46,"column":22},"end":{"line":46,"column":23}},"loc":{"start":{"line":46,"column":64},"end":{"line":48,"column":5}},"line":46},"5":{"name":"(anonymous_5)","decl":{"start":{"line":49,"column":18},"end":{"line":49,"column":19}},"loc":{"start":{"line":49,"column":60},"end":{"line":51,"column":5}},"line":49},"6":{"name":"(anonymous_6)","decl":{"start":{"line":52,"column":21},"end":{"line":52,"column":22}},"loc":{"start":{"line":52,"column":63},"end":{"line":54,"column":5}},"line":52},"7":{"name":"(anonymous_7)","decl":{"start":{"line":55,"column":17},"end":{"line":55,"column":18}},"loc":{"start":{"line":55,"column":59},"end":{"line":57,"column":5}},"line":55},"8":{"name":"(anonymous_8)","decl":{"start":{"line":58,"column":19},"end":{"line":58,"column":20}},"loc":{"start":{"line":58,"column":61},"end":{"line":60,"column":5}},"line":58},"9":{"name":"(anonymous_9)","decl":{"start":{"line":61,"column":21},"end":{"line":61,"column":22}},"loc":{"start":{"line":61,"column":63},"end":{"line":63,"column":5}},"line":61}},"branchMap":{},"s":{"0":4,"1":4,"2":2,"3":1,"4":0,"5":0,"6":0,"7":1,"8":1,"9":1,"10":1,"11":0,"12":4},"f":{"0":2,"1":1,"2":0,"3":0,"4":0,"5":1,"6":1,"7":1,"8":1,"9":0},"b":{},"_coverageSchema":"1a1c01bbd47fc00a2c39e90264f33305004495a9","hash":"92f91be65edc0756223c3b98bfa82850ef6dad86"}
,"/Users/darius/BtcIra/RegisterMe/src/screens/BasicInfoScreen/BasicInfoScreen.tsx": {"path":"/Users/darius/BtcIra/RegisterMe/src/screens/BasicInfoScreen/BasicInfoScreen.tsx","statementMap":{"0":{"start":{"line":18,"column":24},"end":{"line":109,"column":1}},"1":{"start":{"line":19,"column":52},"end":{"line":21,"column":3}},"2":{"start":{"line":20,"column":20},"end":{"line":20,"column":34}},"3":{"start":{"line":22,"column":19},"end":{"line":22,"column":32}},"4":{"start":{"line":23,"column":32},"end":{"line":23,"column":62}},"5":{"start":{"line":25,"column":30},"end":{"line":27,"column":3}},"6":{"start":{"line":26,"column":4},"end":{"line":26,"column":33}},"7":{"start":{"line":29,"column":33},"end":{"line":31,"column":3}},"8":{"start":{"line":30,"column":4},"end":{"line":30,"column":39}},"9":{"start":{"line":33,"column":34},"end":{"line":35,"column":3}},"10":{"start":{"line":34,"column":4},"end":{"line":34,"column":37}},"11":{"start":{"line":37,"column":33},"end":{"line":39,"column":3}},"12":{"start":{"line":38,"column":4},"end":{"line":38,"column":36}},"13":{"start":{"line":41,"column":17},"end":{"line":46,"column":4}},"14":{"start":{"line":48,"column":21},"end":{"line":60,"column":3}},"15":{"start":{"line":54,"column":4},"end":{"line":59,"column":7}},"16":{"start":{"line":62,"column":17},"end":{"line":69,"column":3}},"17":{"start":{"line":63,"column":4},"end":{"line":68,"column":5}},"18":{"start":{"line":64,"column":6},"end":{"line":64,"column":23}},"19":{"start":{"line":65,"column":6},"end":{"line":65,"column":62}},"20":{"start":{"line":67,"column":6},"end":{"line":67,"column":24}},"21":{"start":{"line":71,"column":2},"end":{"line":108,"column":4}}},"fnMap":{"0":{"name":"(anonymous_0)","decl":{"start":{"line":18,"column":24},"end":{"line":18,"column":25}},"loc":{"start":{"line":18,"column":49},"end":{"line":109,"column":1}},"line":18},"1":{"name":"(anonymous_1)","decl":{"start":{"line":20,"column":4},"end":{"line":20,"column":5}},"loc":{"start":{"line":20,"column":20},"end":{"line":20,"column":34}},"line":20},"2":{"name":"(anonymous_2)","decl":{"start":{"line":25,"column":30},"end":{"line":25,"column":31}},"loc":{"start":{"line":25,"column":47},"end":{"line":27,"column":3}},"line":25},"3":{"name":"(anonymous_3)","decl":{"start":{"line":29,"column":33},"end":{"line":29,"column":34}},"loc":{"start":{"line":29,"column":50},"end":{"line":31,"column":3}},"line":29},"4":{"name":"(anonymous_4)","decl":{"start":{"line":33,"column":34},"end":{"line":33,"column":35}},"loc":{"start":{"line":33,"column":51},"end":{"line":35,"column":3}},"line":33},"5":{"name":"(anonymous_5)","decl":{"start":{"line":37,"column":33},"end":{"line":37,"column":34}},"loc":{"start":{"line":37,"column":50},"end":{"line":39,"column":3}},"line":37},"6":{"name":"(anonymous_6)","decl":{"start":{"line":48,"column":21},"end":{"line":48,"column":22}},"loc":{"start":{"line":53,"column":7},"end":{"line":60,"column":3}},"line":53},"7":{"name":"(anonymous_7)","decl":{"start":{"line":62,"column":17},"end":{"line":62,"column":18}},"loc":{"start":{"line":62,"column":29},"end":{"line":69,"column":3}},"line":62}},"branchMap":{"0":{"loc":{"start":{"line":63,"column":4},"end":{"line":68,"column":5}},"type":"if","locations":[{"start":{"line":63,"column":4},"end":{"line":68,"column":5}},{"start":{"line":63,"column":4},"end":{"line":68,"column":5}}],"line":63},"1":{"loc":{"start":{"line":100,"column":7},"end":{"line":105,"column":14}},"type":"cond-expr","locations":[{"start":{"line":101,"column":8},"end":{"line":104,"column":10}},{"start":{"line":105,"column":10},"end":{"line":105,"column":14}}],"line":100}},"s":{"0":1,"1":2,"2":3,"3":2,"4":2,"5":2,"6":1,"7":2,"8":0,"9":2,"10":0,"11":2,"12":0,"13":2,"14":2,"15":0,"16":2,"17":0,"18":0,"19":0,"20":0,"21":2},"f":{"0":2,"1":3,"2":1,"3":0,"4":0,"5":0,"6":0,"7":0},"b":{"0":[0,0],"1":[0,2]},"_coverageSchema":"1a1c01bbd47fc00a2c39e90264f33305004495a9","hash":"f55203f68f50f9d55c3becb85b11616f85b60ef6"}
,"/Users/darius/BtcIra/RegisterMe/src/screens/BasicInfoScreen/styles.ts": {"path":"/Users/darius/BtcIra/RegisterMe/src/screens/BasicInfoScreen/styles.ts","statementMap":{"0":{"start":{"line":3,"column":15},"end":{"line":9,"column":2}}},"fnMap":{},"branchMap":{},"s":{"0":1},"f":{},"b":{},"_coverageSchema":"1a1c01bbd47fc00a2c39e90264f33305004495a9","hash":"f6bf10573f2f4392245e694e2fe9e283af77f9e4"}
,"/Users/darius/BtcIra/RegisterMe/src/screens/LocationScreen/LocationScreen.tsx": {"path":"/Users/darius/BtcIra/RegisterMe/src/screens/LocationScreen/LocationScreen.tsx","statementMap":{"0":{"start":{"line":13,"column":23},"end":{"line":70,"column":1}},"1":{"start":{"line":14,"column":26},"end":{"line":14,"column":69}},"2":{"start":{"line":14,"column":54},"end":{"line":14,"column":68}},"3":{"start":{"line":15,"column":19},"end":{"line":15,"column":32}},"4":{"start":{"line":16,"column":32},"end":{"line":16,"column":62}},"5":{"start":{"line":18,"column":29},"end":{"line":20,"column":3}},"6":{"start":{"line":19,"column":4},"end":{"line":19,"column":32}},"7":{"start":{"line":22,"column":32},"end":{"line":24,"column":3}},"8":{"start":{"line":23,"column":4},"end":{"line":23,"column":35}},"9":{"start":{"line":26,"column":17},"end":{"line":29,"column":4}},"10":{"start":{"line":31,"column":21},"end":{"line":36,"column":3}},"11":{"start":{"line":32,"column":4},"end":{"line":35,"column":7}},"12":{"start":{"line":38,"column":17},"end":{"line":45,"column":3}},"13":{"start":{"line":39,"column":4},"end":{"line":44,"column":5}},"14":{"start":{"line":40,"column":6},"end":{"line":40,"column":23}},"15":{"start":{"line":41,"column":6},"end":{"line":41,"column":57}},"16":{"start":{"line":43,"column":6},"end":{"line":43,"column":24}},"17":{"start":{"line":47,"column":2},"end":{"line":69,"column":4}}},"fnMap":{"0":{"name":"(anonymous_0)","decl":{"start":{"line":13,"column":23},"end":{"line":13,"column":24}},"loc":{"start":{"line":13,"column":48},"end":{"line":70,"column":1}},"line":13},"1":{"name":"(anonymous_1)","decl":{"start":{"line":14,"column":38},"end":{"line":14,"column":39}},"loc":{"start":{"line":14,"column":54},"end":{"line":14,"column":68}},"line":14},"2":{"name":"(anonymous_2)","decl":{"start":{"line":18,"column":29},"end":{"line":18,"column":30}},"loc":{"start":{"line":18,"column":46},"end":{"line":20,"column":3}},"line":18},"3":{"name":"(anonymous_3)","decl":{"start":{"line":22,"column":32},"end":{"line":22,"column":33}},"loc":{"start":{"line":22,"column":49},"end":{"line":24,"column":3}},"line":22},"4":{"name":"(anonymous_4)","decl":{"start":{"line":31,"column":21},"end":{"line":31,"column":22}},"loc":{"start":{"line":31,"column":62},"end":{"line":36,"column":3}},"line":31},"5":{"name":"(anonymous_5)","decl":{"start":{"line":38,"column":17},"end":{"line":38,"column":18}},"loc":{"start":{"line":38,"column":29},"end":{"line":45,"column":3}},"line":38}},"branchMap":{"0":{"loc":{"start":{"line":39,"column":4},"end":{"line":44,"column":5}},"type":"if","locations":[{"start":{"line":39,"column":4},"end":{"line":44,"column":5}},{"start":{"line":39,"column":4},"end":{"line":44,"column":5}}],"line":39},"1":{"loc":{"start":{"line":61,"column":7},"end":{"line":66,"column":14}},"type":"cond-expr","locations":[{"start":{"line":62,"column":8},"end":{"line":65,"column":10}},{"start":{"line":66,"column":10},"end":{"line":66,"column":14}}],"line":61}},"s":{"0":1,"1":4,"2":6,"3":4,"4":4,"5":4,"6":1,"7":4,"8":1,"9":4,"10":4,"11":1,"12":4,"13":1,"14":1,"15":1,"16":0,"17":4},"f":{"0":4,"1":6,"2":1,"3":1,"4":1,"5":1},"b":{"0":[1,0],"1":[0,4]},"_coverageSchema":"1a1c01bbd47fc00a2c39e90264f33305004495a9","hash":"0d1b283729946e2b186e0a96305dedeee6f97711"}
,"/Users/darius/BtcIra/RegisterMe/src/screens/LocationScreen/styles.ts": {"path":"/Users/darius/BtcIra/RegisterMe/src/screens/LocationScreen/styles.ts","statementMap":{"0":{"start":{"line":3,"column":15},"end":{"line":9,"column":2}}},"fnMap":{},"branchMap":{},"s":{"0":1},"f":{},"b":{},"_coverageSchema":"1a1c01bbd47fc00a2c39e90264f33305004495a9","hash":"87e8bfe5661a78a8cae520ad2d8e905feea83a90"}
,"/Users/darius/BtcIra/RegisterMe/src/screens/SignInScreen/SignInScreen.tsx": {"path":"/Users/darius/BtcIra/RegisterMe/src/screens/SignInScreen/SignInScreen.tsx","statementMap":{"0":{"start":{"line":17,"column":21},"end":{"line":86,"column":1}},"1":{"start":{"line":18,"column":28},"end":{"line":18,"column":71}},"2":{"start":{"line":18,"column":56},"end":{"line":18,"column":70}},"3":{"start":{"line":19,"column":19},"end":{"line":19,"column":32}},"4":{"start":{"line":20,"column":32},"end":{"line":20,"column":62}},"5":{"start":{"line":22,"column":30},"end":{"line":24,"column":3}},"6":{"start":{"line":23,"column":4},"end":{"line":23,"column":33}},"7":{"start":{"line":26,"column":33},"end":{"line":28,"column":3}},"8":{"start":{"line":27,"column":4},"end":{"line":27,"column":36}},"9":{"start":{"line":30,"column":17},"end":{"line":33,"column":4}},"10":{"start":{"line":35,"column":21},"end":{"line":40,"column":3}},"11":{"start":{"line":36,"column":4},"end":{"line":39,"column":7}},"12":{"start":{"line":42,"column":30},"end":{"line":50,"column":3}},"13":{"start":{"line":43,"column":4},"end":{"line":49,"column":5}},"14":{"start":{"line":44,"column":6},"end":{"line":44,"column":23}},"15":{"start":{"line":45,"column":6},"end":{"line":46,"column":48}},"16":{"start":{"line":48,"column":6},"end":{"line":48,"column":24}},"17":{"start":{"line":52,"column":30},"end":{"line":54,"column":3}},"18":{"start":{"line":53,"column":4},"end":{"line":53,"column":61}},"19":{"start":{"line":56,"column":2},"end":{"line":85,"column":4}}},"fnMap":{"0":{"name":"(anonymous_0)","decl":{"start":{"line":17,"column":21},"end":{"line":17,"column":22}},"loc":{"start":{"line":17,"column":46},"end":{"line":86,"column":1}},"line":17},"1":{"name":"(anonymous_1)","decl":{"start":{"line":18,"column":40},"end":{"line":18,"column":41}},"loc":{"start":{"line":18,"column":56},"end":{"line":18,"column":70}},"line":18},"2":{"name":"(anonymous_2)","decl":{"start":{"line":22,"column":30},"end":{"line":22,"column":31}},"loc":{"start":{"line":22,"column":47},"end":{"line":24,"column":3}},"line":22},"3":{"name":"(anonymous_3)","decl":{"start":{"line":26,"column":33},"end":{"line":26,"column":34}},"loc":{"start":{"line":26,"column":50},"end":{"line":28,"column":3}},"line":26},"4":{"name":"(anonymous_4)","decl":{"start":{"line":35,"column":21},"end":{"line":35,"column":22}},"loc":{"start":{"line":35,"column":64},"end":{"line":40,"column":3}},"line":35},"5":{"name":"(anonymous_5)","decl":{"start":{"line":42,"column":30},"end":{"line":42,"column":31}},"loc":{"start":{"line":42,"column":42},"end":{"line":50,"column":3}},"line":42},"6":{"name":"(anonymous_6)","decl":{"start":{"line":52,"column":30},"end":{"line":52,"column":31}},"loc":{"start":{"line":52,"column":36},"end":{"line":54,"column":3}},"line":52}},"branchMap":{"0":{"loc":{"start":{"line":43,"column":4},"end":{"line":49,"column":5}},"type":"if","locations":[{"start":{"line":43,"column":4},"end":{"line":49,"column":5}},{"start":{"line":43,"column":4},"end":{"line":49,"column":5}}],"line":43},"1":{"loc":{"start":{"line":45,"column":6},"end":{"line":46,"column":47}},"type":"binary-expr","locations":[{"start":{"line":45,"column":7},"end":{"line":45,"column":36}},{"start":{"line":46,"column":8},"end":{"line":46,"column":47}}],"line":45},"2":{"loc":{"start":{"line":73,"column":7},"end":{"line":75,"column":14}},"type":"cond-expr","locations":[{"start":{"line":74,"column":8},"end":{"line":74,"column":56}},{"start":{"line":75,"column":10},"end":{"line":75,"column":14}}],"line":73}},"s":{"0":1,"1":4,"2":6,"3":4,"4":4,"5":4,"6":1,"7":4,"8":1,"9":4,"10":4,"11":1,"12":4,"13":1,"14":1,"15":1,"16":0,"17":4,"18":0,"19":4},"f":{"0":4,"1":6,"2":1,"3":1,"4":1,"5":1,"6":0},"b":{"0":[1,0],"1":[1,0],"2":[0,4]},"_coverageSchema":"1a1c01bbd47fc00a2c39e90264f33305004495a9","hash":"32f486558952d2f38e03b5120c9f04acd6b29157"}
,"/Users/darius/BtcIra/RegisterMe/src/screens/SignInScreen/styles.ts": {"path":"/Users/darius/BtcIra/RegisterMe/src/screens/SignInScreen/styles.ts","statementMap":{"0":{"start":{"line":3,"column":15},"end":{"line":15,"column":2}}},"fnMap":{},"branchMap":{},"s":{"0":1},"f":{},"b":{},"_coverageSchema":"1a1c01bbd47fc00a2c39e90264f33305004495a9","hash":"43fdcfc08712206b1279bae7c988dce73212906c"}
,"/Users/darius/BtcIra/RegisterMe/src/screens/SubmitScreen/SubmitScreen.tsx": {"path":"/Users/darius/BtcIra/RegisterMe/src/screens/SubmitScreen/SubmitScreen.tsx","statementMap":{"0":{"start":{"line":14,"column":21},"end":{"line":93,"column":1}},"1":{"start":{"line":24,"column":6},"end":{"line":24,"column":49}},"2":{"start":{"line":24,"column":34},"end":{"line":24,"column":48}},"3":{"start":{"line":25,"column":19},"end":{"line":25,"column":32}},"4":{"start":{"line":26,"column":32},"end":{"line":26,"column":62}},"5":{"start":{"line":28,"column":28},"end":{"line":30,"column":3}},"6":{"start":{"line":29,"column":4},"end":{"line":29,"column":31}},"7":{"start":{"line":32,"column":30},"end":{"line":34,"column":3}},"8":{"start":{"line":33,"column":4},"end":{"line":33,"column":33}},"9":{"start":{"line":36,"column":17},"end":{"line":39,"column":4}},"10":{"start":{"line":41,"column":21},"end":{"line":46,"column":3}},"11":{"start":{"line":42,"column":4},"end":{"line":45,"column":7}},"12":{"start":{"line":48,"column":19},"end":{"line":64,"column":3}},"13":{"start":{"line":49,"column":4},"end":{"line":63,"column":5}},"14":{"start":{"line":50,"column":6},"end":{"line":50,"column":23}},"15":{"start":{"line":51,"column":6},"end":{"line":60,"column":53}},"16":{"start":{"line":62,"column":6},"end":{"line":62,"column":24}},"17":{"start":{"line":66,"column":2},"end":{"line":92,"column":4}}},"fnMap":{"0":{"name":"(anonymous_0)","decl":{"start":{"line":14,"column":21},"end":{"line":14,"column":22}},"loc":{"start":{"line":14,"column":46},"end":{"line":93,"column":1}},"line":14},"1":{"name":"(anonymous_1)","decl":{"start":{"line":24,"column":18},"end":{"line":24,"column":19}},"loc":{"start":{"line":24,"column":34},"end":{"line":24,"column":48}},"line":24},"2":{"name":"(anonymous_2)","decl":{"start":{"line":28,"column":28},"end":{"line":28,"column":29}},"loc":{"start":{"line":28,"column":45},"end":{"line":30,"column":3}},"line":28},"3":{"name":"(anonymous_3)","decl":{"start":{"line":32,"column":30},"end":{"line":32,"column":31}},"loc":{"start":{"line":32,"column":47},"end":{"line":34,"column":3}},"line":32},"4":{"name":"(anonymous_4)","decl":{"start":{"line":41,"column":21},"end":{"line":41,"column":22}},"loc":{"start":{"line":41,"column":66},"end":{"line":46,"column":3}},"line":41},"5":{"name":"(anonymous_5)","decl":{"start":{"line":48,"column":19},"end":{"line":48,"column":20}},"loc":{"start":{"line":48,"column":31},"end":{"line":64,"column":3}},"line":48}},"branchMap":{"0":{"loc":{"start":{"line":49,"column":4},"end":{"line":63,"column":5}},"type":"if","locations":[{"start":{"line":49,"column":4},"end":{"line":63,"column":5}},{"start":{"line":49,"column":4},"end":{"line":63,"column":5}}],"line":49},"1":{"loc":{"start":{"line":51,"column":6},"end":{"line":60,"column":52}},"type":"binary-expr","locations":[{"start":{"line":51,"column":7},"end":{"line":60,"column":8}},{"start":{"line":60,"column":13},"end":{"line":60,"column":52}}],"line":51},"2":{"loc":{"start":{"line":84,"column":7},"end":{"line":89,"column":14}},"type":"cond-expr","locations":[{"start":{"line":85,"column":8},"end":{"line":88,"column":10}},{"start":{"line":89,"column":10},"end":{"line":89,"column":14}}],"line":84}},"s":{"0":1,"1":4,"2":6,"3":4,"4":4,"5":4,"6":1,"7":4,"8":1,"9":4,"10":4,"11":1,"12":4,"13":1,"14":1,"15":1,"16":0,"17":4},"f":{"0":4,"1":6,"2":1,"3":1,"4":1,"5":1},"b":{"0":[1,0],"1":[1,0],"2":[0,4]},"_coverageSchema":"1a1c01bbd47fc00a2c39e90264f33305004495a9","hash":"c1e90fe8d26e340676887092bfbc2feee8bed75f"}
,"/Users/darius/BtcIra/RegisterMe/src/screens/SubmitScreen/styles.ts": {"path":"/Users/darius/BtcIra/RegisterMe/src/screens/SubmitScreen/styles.ts","statementMap":{"0":{"start":{"line":3,"column":15},"end":{"line":16,"column":2}}},"fnMap":{},"branchMap":{},"s":{"0":1},"f":{},"b":{},"_coverageSchema":"1a1c01bbd47fc00a2c39e90264f33305004495a9","hash":"d8b114cde5b09ad5bf8993522b17cb9595469b2f"}
,"/Users/darius/BtcIra/RegisterMe/src/theme/colors.ts": {"path":"/Users/darius/BtcIra/RegisterMe/src/theme/colors.ts","statementMap":{"0":{"start":{"line":1,"column":22},"end":{"line":9,"column":1}}},"fnMap":{},"branchMap":{},"s":{"0":9},"f":{},"b":{},"_coverageSchema":"1a1c01bbd47fc00a2c39e90264f33305004495a9","hash":"b0531b8241c5006759453cd101b8f72c94a95a15"}
}
