TN:
SF:src/api/register.ts
FN:6,(anonymous_0)
FN:11,(anonymous_1)
FN:16,(anonymous_2)
FN:19,(anonymous_3)
FNF:4
FNH:4
FNDA:1,(anonymous_0)
FNDA:2,(anonymous_1)
FNDA:2,(anonymous_2)
FNDA:1,(anonymous_3)
DA:1,3
DA:4,3
DA:6,3
DA:7,1
DA:8,1
DA:11,3
DA:12,2
DA:13,1
DA:16,3
DA:17,2
DA:18,1
DA:19,1
DA:20,1
DA:22,1
LF:14
LH:14
BRDA:20,0,0,1
BRDA:20,0,1,1
BRDA:20,0,2,1
BRF:3
BRH:3
end_of_record
TN:
SF:src/components/Button.tsx
FN:11,(anonymous_0)
FNF:1
FNH:1
FNDA:15,(anonymous_0)
DA:11,5
DA:12,15
DA:24,5
LF:3
LH:3
BRF:0
BRH:0
end_of_record
TN:
SF:src/components/ErrorText.tsx
FN:10,(anonymous_0)
FNF:1
FNH:1
FNDA:1,(anonymous_0)
DA:10,5
DA:11,1
DA:20,5
LF:3
LH:3
BRF:0
BRH:0
end_of_record
TN:
SF:src/components/Input.tsx
FN:22,(anonymous_0)
FN:25,(anonymous_1)
FNF:2
FNH:2
FNDA:33,(anonymous_0)
FNDA:7,(anonymous_1)
DA:22,5
DA:23,33
DA:25,33
DA:26,7
DA:27,7
DA:30,33
DA:49,5
LF:7
LH:7
BRDA:26,0,0,7
BRDA:26,0,1,7
BRDA:42,1,0,8
BRDA:42,1,1,25
BRF:4
BRH:4
end_of_record
TN:
SF:src/components/Link.tsx
FN:10,(anonymous_0)
FNF:1
FNH:1
FNDA:5,(anonymous_0)
DA:10,5
DA:11,5
DA:20,5
LF:3
LH:3
BRF:0
BRH:0
end_of_record
TN:
SF:src/components/ProgressBar.tsx
FN:10,(anonymous_0)
FN:12,(anonymous_1)
FNF:2
FNH:1
FNDA:1,(anonymous_0)
FNDA:0,(anonymous_1)
DA:10,5
DA:11,1
DA:12,1
DA:13,0
DA:16,1
DA:29,5
LF:6
LH:5
BRDA:18,0,0,0
BRDA:18,0,1,1
BRDA:18,1,0,1
BRDA:18,1,1,1
BRF:4
BRH:3
end_of_record
TN:
SF:src/components/index.ts
FNF:0
FNH:0
LF:0
LH:0
BRF:0
BRH:0
end_of_record
TN:
SF:src/redux/store.ts
FNF:0
FNH:0
DA:4,4
LF:1
LH:1
BRF:0
BRH:0
end_of_record
TN:
SF:src/redux/slices/registerSlice.ts
FN:34,(anonymous_0)
FN:37,(anonymous_1)
FN:40,(anonymous_2)
FN:43,(anonymous_3)
FN:46,(anonymous_4)
FN:49,(anonymous_5)
FN:52,(anonymous_6)
FN:55,(anonymous_7)
FN:58,(anonymous_8)
FN:61,(anonymous_9)
FNF:10
FNH:6
FNDA:2,(anonymous_0)
FNDA:1,(anonymous_1)
FNDA:0,(anonymous_2)
FNDA:0,(anonymous_3)
FNDA:0,(anonymous_4)
FNDA:1,(anonymous_5)
FNDA:1,(anonymous_6)
FNDA:1,(anonymous_7)
FNDA:1,(anonymous_8)
FNDA:0,(anonymous_9)
DA:17,4
DA:30,4
DA:35,2
DA:38,1
DA:41,0
DA:44,0
DA:47,0
DA:50,1
DA:53,1
DA:56,1
DA:59,1
DA:62,0
DA:78,4
LF:13
LH:9
BRF:0
BRH:0
end_of_record
TN:
SF:src/screens/BasicInfoScreen/BasicInfoScreen.tsx
FN:18,(anonymous_0)
FN:20,(anonymous_1)
FN:25,(anonymous_2)
FN:29,(anonymous_3)
FN:33,(anonymous_4)
FN:37,(anonymous_5)
FN:48,(anonymous_6)
FN:62,(anonymous_7)
FNF:8
FNH:3
FNDA:2,(anonymous_0)
FNDA:3,(anonymous_1)
FNDA:1,(anonymous_2)
FNDA:0,(anonymous_3)
FNDA:0,(anonymous_4)
FNDA:0,(anonymous_5)
FNDA:0,(anonymous_6)
FNDA:0,(anonymous_7)
DA:18,1
DA:19,2
DA:20,3
DA:22,2
DA:23,2
DA:25,2
DA:26,1
DA:29,2
DA:30,0
DA:33,2
DA:34,0
DA:37,2
DA:38,0
DA:41,2
DA:48,2
DA:54,0
DA:62,2
DA:63,0
DA:64,0
DA:65,0
DA:67,0
DA:71,2
LF:22
LH:14
BRDA:63,0,0,0
BRDA:63,0,1,0
BRDA:100,1,0,0
BRDA:100,1,1,2
BRF:4
BRH:1
end_of_record
TN:
SF:src/screens/BasicInfoScreen/styles.ts
FNF:0
FNH:0
DA:3,1
LF:1
LH:1
BRF:0
BRH:0
end_of_record
TN:
SF:src/screens/LocationScreen/LocationScreen.tsx
FN:13,(anonymous_0)
FN:14,(anonymous_1)
FN:18,(anonymous_2)
FN:22,(anonymous_3)
FN:31,(anonymous_4)
FN:38,(anonymous_5)
FNF:6
FNH:6
FNDA:4,(anonymous_0)
FNDA:6,(anonymous_1)
FNDA:1,(anonymous_2)
FNDA:1,(anonymous_3)
FNDA:1,(anonymous_4)
FNDA:1,(anonymous_5)
DA:13,1
DA:14,6
DA:15,4
DA:16,4
DA:18,4
DA:19,1
DA:22,4
DA:23,1
DA:26,4
DA:31,4
DA:32,1
DA:38,4
DA:39,1
DA:40,1
DA:41,1
DA:43,0
DA:47,4
LF:17
LH:16
BRDA:39,0,0,1
BRDA:39,0,1,0
BRDA:61,1,0,0
BRDA:61,1,1,4
BRF:4
BRH:2
end_of_record
TN:
SF:src/screens/LocationScreen/styles.ts
FNF:0
FNH:0
DA:3,1
LF:1
LH:1
BRF:0
BRH:0
end_of_record
TN:
SF:src/screens/SignInScreen/SignInScreen.tsx
FN:17,(anonymous_0)
FN:18,(anonymous_1)
FN:22,(anonymous_2)
FN:26,(anonymous_3)
FN:35,(anonymous_4)
FN:42,(anonymous_5)
FN:52,(anonymous_6)
FNF:7
FNH:6
FNDA:4,(anonymous_0)
FNDA:6,(anonymous_1)
FNDA:1,(anonymous_2)
FNDA:1,(anonymous_3)
FNDA:1,(anonymous_4)
FNDA:1,(anonymous_5)
FNDA:0,(anonymous_6)
DA:17,1
DA:18,6
DA:19,4
DA:20,4
DA:22,4
DA:23,1
DA:26,4
DA:27,1
DA:30,4
DA:35,4
DA:36,1
DA:42,4
DA:43,1
DA:44,1
DA:45,1
DA:48,0
DA:52,4
DA:53,0
DA:56,4
LF:19
LH:17
BRDA:43,0,0,1
BRDA:43,0,1,0
BRDA:45,1,0,1
BRDA:45,1,1,0
BRDA:73,2,0,0
BRDA:73,2,1,4
BRF:6
BRH:3
end_of_record
TN:
SF:src/screens/SignInScreen/styles.ts
FNF:0
FNH:0
DA:3,1
LF:1
LH:1
BRF:0
BRH:0
end_of_record
TN:
SF:src/screens/SubmitScreen/SubmitScreen.tsx
FN:14,(anonymous_0)
FN:24,(anonymous_1)
FN:28,(anonymous_2)
FN:32,(anonymous_3)
FN:41,(anonymous_4)
FN:48,(anonymous_5)
FNF:6
FNH:6
FNDA:4,(anonymous_0)
FNDA:6,(anonymous_1)
FNDA:1,(anonymous_2)
FNDA:1,(anonymous_3)
FNDA:1,(anonymous_4)
FNDA:1,(anonymous_5)
DA:14,1
DA:24,6
DA:25,4
DA:26,4
DA:28,4
DA:29,1
DA:32,4
DA:33,1
DA:36,4
DA:41,4
DA:42,1
DA:48,4
DA:49,1
DA:50,1
DA:51,1
DA:62,0
DA:66,4
LF:17
LH:16
BRDA:49,0,0,1
BRDA:49,0,1,0
BRDA:51,1,0,1
BRDA:51,1,1,0
BRDA:84,2,0,0
BRDA:84,2,1,4
BRF:6
BRH:3
end_of_record
TN:
SF:src/screens/SubmitScreen/styles.ts
FNF:0
FNH:0
DA:3,1
LF:1
LH:1
BRF:0
BRH:0
end_of_record
TN:
SF:src/theme/colors.ts
FNF:0
FNH:0
DA:1,9
LF:1
LH:1
BRF:0
BRH:0
end_of_record
